#
# There is insufficient memory for the Java Runtime Environment to continue.
# Native memory allocation (mmap) failed to map 123731968 bytes for G1 virtual space
# Possible reasons:
#   The system is out of physical RAM or swap space
#   The process is running with CompressedOops enabled, and the Java Heap may be blocking the growth of the native heap
# Possible solutions:
#   Reduce memory load on the system
#   Increase physical memory or swap space
#   Check if swap backing store is full
#   Decrease Java heap size (-Xmx/-Xms)
#   Decrease number of Java threads
#   Decrease Java thread stack sizes (-Xss)
#   Set larger code cache with -XX:ReservedCodeCacheSize=
#   JVM is running with Unscaled Compressed Oops mode in which the Java heap is
#     placed in the first 4GB address space. The Java Heap base address is the
#     maximum limit for the native heap growth. Please use -XX:HeapBaseMinAddress
#     to set the Java Heap base and to place the Java Heap above 4GB virtual address.
# This output file may be truncated or incomplete.
#
#  Out of Memory Error (os_windows.cpp:3469), pid=18988, tid=10752
#
# JRE version:  (17.0+35) (build )
# Java VM: Java HotSpot(TM) 64-Bit Server VM (17+35-LTS-2724, mixed mode, sharing, tiered, compressed oops, compressed class ptrs, g1 gc, windows-amd64)
# No core dump will be written. Minidumps are not enabled by default on client versions of Windows
#

---------------  S U M M A R Y ------------

Command Line: org.jetbrains.kotlin.cli.jvm.K2JVMCompiler @C:\Users\rd273\Desktop\Restaurant_Ordering\node_modules\react-native-safe-area-context\android\build\20230731_16241233294020025858.compiler.options

Host: AMD Ryzen 5 5600H with Radeon Graphics         , 12 cores, 7G,  Windows 10 , 64 bit Build 22621 (10.0.22621.1928)
Time: Mon Jul 31 17:41:46 2023 India Standard Time elapsed time: 0.044147 seconds (0d 0h 0m 0s)

---------------  T H R E A D  ---------------

Current thread (0x0000018d0762d230):  JavaThread "Unknown thread" [_thread_in_vm, id=10752, stack(0x0000001bbe600000,0x0000001bbe700000)]

Stack: [0x0000001bbe600000,0x0000001bbe700000]
Native frames: (J=compiled Java code, j=interpreted, Vv=VM code, C=native code)
V  [jvm.dll+0x66f8ea]
V  [jvm.dll+0x7ce224]
V  [jvm.dll+0x7cf9ce]
V  [jvm.dll+0x7d0033]
V  [jvm.dll+0x242bb5]
V  [jvm.dll+0x66c909]
V  [jvm.dll+0x6613d2]
V  [jvm.dll+0x30082b]
V  [jvm.dll+0x307db6]
V  [jvm.dll+0x357a0e]
V  [jvm.dll+0x357c3f]
V  [jvm.dll+0x2d7ae8]
V  [jvm.dll+0x2d8a54]
V  [jvm.dll+0x7a00a1]
V  [jvm.dll+0x365781]
V  [jvm.dll+0x77f59c]
V  [jvm.dll+0x3e805f]
V  [jvm.dll+0x3e9b01]
C  [jli.dll+0x527b]
C  [ucrtbase.dll+0x29363]
C  [KERNEL32.DLL+0x126ad]
C  [ntdll.dll+0x5aa68]


---------------  P R O C E S S  ---------------

Threads class SMR info:
_java_thread_list=0x00007ffe5c5b7818, length=0, elements={
}

Java Threads: ( => current thread )

Other Threads:
  0x0000018d09742cd0 GCTaskThread "GC Thread#0" [stack: 0x0000001bbe700000,0x0000001bbe800000] [id=30252]
  0x0000018d09752750 ConcurrentGCThread "G1 Main Marker" [stack: 0x0000001bbe800000,0x0000001bbe900000] [id=35780]
  0x0000018d09753160 ConcurrentGCThread "G1 Conc#0" [stack: 0x0000001bbe900000,0x0000001bbea00000] [id=12408]

[error occurred during error reporting (printing all threads), id 0xc0000005, EXCEPTION_ACCESS_VIOLATION (0xc0000005) at pc=0x00007ffe5be084c7]

VM state: not at safepoint (not fully initialized)

VM Mutex/Monitor currently owned by a thread:  ([mutex/lock_event])
[0x0000018d09704be0] Heap_lock - owner thread: 0x0000018d0762d230

Heap address: 0x000000008a600000, size: 1882 MB, Compressed Oops mode: 32-bit

CDS archive(s) mapped at: [0x0000000000000000-0x0000000000000000-0x0000000000000000), size 0, SharedBaseAddress: 0x0000000800000000, ArchiveRelocationMode: 0.
Narrow klass base: 0x0000000000000000, Narrow klass shift: 0, Narrow klass range: 0x0

GC Precious Log:
<Empty>

Heap:
 garbage-first heap   total 0K, used 0K [0x000000008a600000, 0x0000000100000000)
  region size 1024K, 0 young (0K), 0 survivors (0K)

[error occurred during error reporting (printing heap information), id 0xc0000005, EXCEPTION_ACCESS_VIOLATION (0xc0000005) at pc=0x00007ffe5c1e8c59]

GC Heap History (0 events):
No events

Deoptimization events (0 events):
No events

Classes unloaded (0 events):
No events

Classes redefined (0 events):
No events

Internal exceptions (0 events):
No events

VM Operations (0 events):
No events

Events (1 events):
Event: 0.032 Loaded shared library C:\Program Files\Java\jdk-17\bin\java.dll


Dynamic libraries:
0x00007ff77a9a0000 - 0x00007ff77a9b0000 	C:\Program Files\Java\jdk-17\bin\java.exe
0x00007ffeba870000 - 0x00007ffebaa84000 	C:\WINDOWS\SYSTEM32\ntdll.dll
0x00007ffeb87c0000 - 0x00007ffeb8882000 	C:\WINDOWS\System32\KERNEL32.DLL
0x00007ffeb7e50000 - 0x00007ffeb81f3000 	C:\WINDOWS\System32\KERNELBASE.dll
0x00007ffeb8340000 - 0x00007ffeb8451000 	C:\WINDOWS\System32\ucrtbase.dll
0x00007ffe9df60000 - 0x00007ffe9df7a000 	C:\Program Files\Java\jdk-17\bin\VCRUNTIME140.dll
0x00007ffe88330000 - 0x00007ffe88348000 	C:\Program Files\Java\jdk-17\bin\jli.dll
0x00007ffeb8ae0000 - 0x00007ffeb8b8e000 	C:\WINDOWS\System32\ADVAPI32.dll
0x00007ffeb8710000 - 0x00007ffeb87b7000 	C:\WINDOWS\System32\msvcrt.dll
0x00007ffeb88e0000 - 0x00007ffeb8984000 	C:\WINDOWS\System32\sechost.dll
0x00007ffeb9dd0000 - 0x00007ffeb9ee7000 	C:\WINDOWS\System32\RPCRT4.dll
0x00007ffeba600000 - 0x00007ffeba7aa000 	C:\WINDOWS\System32\USER32.dll
0x00007ffeb8270000 - 0x00007ffeb8296000 	C:\WINDOWS\System32\win32u.dll
0x00007ffeb8ab0000 - 0x00007ffeb8ad9000 	C:\WINDOWS\System32\GDI32.dll
0x00007ffe9e540000 - 0x00007ffe9e7ce000 	C:\WINDOWS\WinSxS\amd64_microsoft.windows.common-controls_6595b64144ccf1df_6.0.22621.1635_none_270f70857386168e\COMCTL32.dll
0x00007ffeb7c70000 - 0x00007ffeb7d89000 	C:\WINDOWS\System32\gdi32full.dll
0x00007ffeb82a0000 - 0x00007ffeb833a000 	C:\WINDOWS\System32\msvcp_win.dll
0x00007ffeb0040000 - 0x00007ffeb004a000 	C:\WINDOWS\SYSTEM32\VERSION.dll
0x00007ffeb9b50000 - 0x00007ffeb9b81000 	C:\WINDOWS\System32\IMM32.DLL
0x00007ffeb3620000 - 0x00007ffeb362c000 	C:\Program Files\Java\jdk-17\bin\vcruntime140_1.dll
0x00007ffe77e30000 - 0x00007ffe77ebd000 	C:\Program Files\Java\jdk-17\bin\msvcp140.dll
0x00007ffe5bb20000 - 0x00007ffe5c6de000 	C:\Program Files\Java\jdk-17\bin\server\jvm.dll
0x00007ffeb8650000 - 0x00007ffeb8658000 	C:\WINDOWS\System32\PSAPI.DLL
0x00007ffe9a8b0000 - 0x00007ffe9a8b9000 	C:\WINDOWS\SYSTEM32\WSOCK32.dll
0x00007ffeb8d30000 - 0x00007ffeb8da1000 	C:\WINDOWS\System32\WS2_32.dll
0x00007ffeb0980000 - 0x00007ffeb09b4000 	C:\WINDOWS\SYSTEM32\WINMM.dll
0x00007ffeb6cb0000 - 0x00007ffeb6cc8000 	C:\WINDOWS\SYSTEM32\kernel.appcore.dll
0x00007ffeb35d0000 - 0x00007ffeb35da000 	C:\Program Files\Java\jdk-17\bin\jimage.dll
0x00007ffea5570000 - 0x00007ffea579e000 	C:\WINDOWS\SYSTEM32\DBGHELP.DLL
0x00007ffeb97c0000 - 0x00007ffeb9b49000 	C:\WINDOWS\System32\combase.dll
0x00007ffeb8ee0000 - 0x00007ffeb8fb7000 	C:\WINDOWS\System32\OLEAUT32.dll
0x00007ffe98620000 - 0x00007ffe98652000 	C:\WINDOWS\SYSTEM32\dbgcore.DLL
0x00007ffeb8460000 - 0x00007ffeb84da000 	C:\WINDOWS\System32\bcryptPrimitives.dll
0x00007ffe87ef0000 - 0x00007ffe87f15000 	C:\Program Files\Java\jdk-17\bin\java.dll

dbghelp: loaded successfully - version: 4.0.5 - missing functions: none
symbol engine: initialized successfully - sym options: 0x614 - pdb path: .;C:\Program Files\Java\jdk-17\bin;C:\WINDOWS\SYSTEM32;C:\WINDOWS\WinSxS\amd64_microsoft.windows.common-controls_6595b64144ccf1df_6.0.22621.1635_none_270f70857386168e;C:\Program Files\Java\jdk-17\bin\server

VM Arguments:
java_command: org.jetbrains.kotlin.cli.jvm.K2JVMCompiler @C:\Users\rd273\Desktop\Restaurant_Ordering\node_modules\react-native-safe-area-context\android\build\20230731_16241233294020025858.compiler.options
java_class_path (initial): C:\Users\rd273\.gradle\caches\modules-2\files-2.1\org.jetbrains.kotlin\kotlin-compiler-embeddable\1.6.20\18f66cca4301c12893ebe4ef47d65c3d9d2bff9b\kotlin-compiler-embeddable-1.6.20.jar;C:\Users\rd273\.gradle\caches\modules-2\files-2.1\org.jetbrains.kotlin\kotlin-reflect\1.6.20\669965154723f1a712e8677af0cc5470dfdab81c\kotlin-reflect-1.6.20.jar;C:\Users\rd273\.gradle\caches\modules-2\files-2.1\org.jetbrains.kotlin\kotlin-stdlib\1.6.20\6cedc143badbb4f1c6b7f5a340b04edff1743208\kotlin-stdlib-1.6.20.jar;C:\Users\rd273\.gradle\caches\modules-2\files-2.1\org.jetbrains.kotlin\kotlin-script-runtime\1.6.20\a115c367e0fd9c8909293b208689afca0c88a6f1\kotlin-script-runtime-1.6.20.jar;C:\Users\rd273\.gradle\caches\modules-2\files-2.1\org.jetbrains.kotlin\kotlin-daemon-embeddable\1.6.20\d4cac343029f48f106c57f457384771165d7deb5\kotlin-daemon-embeddable-1.6.20.jar;C:\Users\rd273\.gradle\caches\modules-2\files-2.1\org.jetbrains.intellij.deps\trove4j\1.0.20200330\3afb14d5f9ceb459d724e907a21145e8ff394f02\trove4j-1.0.20200330.jar;C:\Users\rd273\.gradle\caches\modules-2\files-2.1\net.java.dev.jna\jna\5.6.0\330f2244e9030119ab3030fc3fededc86713d9cc\jna-5.6.0.jar;C:\Users\rd273\.gradle\caches\modules-2\files-2.1\org.jetbrains.kotlin\kotlin-stdlib-common\1.6.20\27b4562b6713d70f458c6d7ea39aadacb8e6a92b\kotlin-stdlib-common-1.6.20.jar;C:\Users\rd273\.gradle\caches\modules-2\files-2.1\org.jetbrains\annotations\13.0\919f0dfe192fb4e063e7dacadee7f8bb9a2672a9\annotations-13.0.jar
Launcher Type: SUN_STANDARD

[Global flags]
     intx CICompilerCount                          = 4                                         {product} {ergonomic}
     uint ConcGCThreads                            = 3                                         {product} {ergonomic}
     uint G1ConcRefinementThreads                  = 10                                        {product} {ergonomic}
   size_t G1HeapRegionSize                         = 1048576                                   {product} {ergonomic}
    uintx GCDrainStackTargetSize                   = 64                                        {product} {ergonomic}
   size_t InitialHeapSize                          = 123731968                                 {product} {ergonomic}
   size_t MarkStackSize                            = 4194304                                   {product} {ergonomic}
   size_t MaxHeapSize                              = 1973420032                                {product} {ergonomic}
   size_t MinHeapDeltaBytes                        = 1048576                                   {product} {ergonomic}
   size_t MinHeapSize                              = 8388608                                   {product} {ergonomic}
    uintx NonNMethodCodeHeapSize                   = 5839372                                {pd product} {ergonomic}
    uintx NonProfiledCodeHeapSize                  = 122909434                              {pd product} {ergonomic}
    uintx ProfiledCodeHeapSize                     = 122909434                              {pd product} {ergonomic}
    uintx ReservedCodeCacheSize                    = 251658240                              {pd product} {ergonomic}
     bool SegmentedCodeCache                       = true                                      {product} {ergonomic}
   size_t SoftMaxHeapSize                          = 1973420032                             {manageable} {ergonomic}
     bool UseCompressedClassPointers               = true                           {product lp64_product} {ergonomic}
     bool UseCompressedOops                        = true                           {product lp64_product} {ergonomic}
     bool UseG1GC                                  = true                                      {product} {ergonomic}
     bool UseLargePagesIndividualAllocation        = false                                  {pd product} {ergonomic}

Logging:
Log output configuration:
 #0: stdout all=warning uptime,level,tags
 #1: stderr all=off uptime,level,tags

Environment Variables:
JAVA_HOME=C:\Program Files\Java\jdk-17
CLASSPATH=C:\Users\rd273\Desktop\Restaurant_Ordering\android\\gradle\wrapper\gradle-wrapper.jar
PATH=C:\Users\rd273\Desktop\Restaurant_Ordering\node_modules\.bin;C:\Users\rd273\Desktop\node_modules\.bin;C:\Users\rd273\node_modules\.bin;C:\Users\node_modules\.bin;C:\node_modules\.bin;C:\Program Files\nodejs\node_modules\npm\node_modules\@npmcli\run-script\lib\node-gyp-bin;C:\Python311\Scripts\;C:\Python311\;C:\Program Files (x86)\VMware\VMware Workstation\bin\;C:\Program Files\Common Files\Oracle\Java\javapath;C:\windows\system32;C:\windows;C:\windows\System32\Wbem;C:\windows\System32\WindowsPowerShell\v1.0\;C:\windows\System32\OpenSSH\;C:\Program Files\NVIDIA Corporation\NVIDIA NvDLISR;C:\Program Files (x86)\Windows Kits\8.1\Windows Performance Toolkit\;C:\Program Files\Git\cmd;C:\WINDOWS\system32;C:\WINDOWS;C:\WINDOWS\System32\Wbem;C:\WINDOWS\System32\WindowsPowerShell\v1.0\;C:\WINDOWS\System32\OpenSSH\;C:\Program Files\MySQL\MySQL Server 8.0\bin;C:\ProgramData\chocolatey\bin;C:\Program Files\Microsoft SQL Server\130\Tools\Binn\;C:\Program Files\Microsoft SQL Server\Client SDK\ODBC\170\Tools\Binn\;C:\Program Files\dotnet\;c:\Program Files (x86)\Microsoft SQL Server\110\Tools\Binn\;c:\Program Files\Microsoft SQL Server\110\Tools\Binn\;c:\Program Files\Microsoft SQL Server\110\DTS\Binn\;c:\Program Files (x86)\Microsoft SQL Server\110\Tools\Binn\ManagementStudio\;c:\Program Files (x86)\Microsoft SQL Server\110\DTS\Binn\;C:\Program Files\nodejs\;C:\Users\rd273\AppData\Local\Android\Sdk\platform-tools;C:\Program Files\Java\jdk-17\bin;C:\Users\rd273\AppData\Roaming\npm\node_modules\yarn\bin;C:\Program Files\Microsoft\jdk-11.0.18.10-hotspot\bin;C:\Python311\Scripts\;C:\Python311\;C:\Program Files (x86)\VMware\VMware Workstation\bin\;C:\Program Files\Common Files\Oracle\Java\javapath;C:\windows\system32;C:\windows;C:\windows\System32\Wbem;C:\windows\System32\WindowsPowerShell\v1.0\;C:\windows\System32\OpenSSH\;C:\Program Files\NVIDIA Corporation\NVIDIA NvDLISR;C:\Program Files (x86)\Windows Kits\8.1\Windows Performance Toolkit\;C:\Program Files\Git\cmd;C:\WINDOWS\system
USERNAME=rd273
LANG=en_US.UTF-8
OS=Windows_NT
PROCESSOR_IDENTIFIER=AMD64 Family 25 Model 80 Stepping 0, AuthenticAMD



---------------  S Y S T E M  ---------------

OS:
 Windows 10 , 64 bit Build 22621 (10.0.22621.1928)
OS uptime: 11 days 16:19 hours

CPU: total 12 (initial active 12) (12 cores per cpu, 2 threads per core) family 25 model 80 stepping 0 microcode 0x0, cx8, cmov, fxsr, ht, mmx, 3dnowpref, sse, sse2, sse3, ssse3, sse4a, sse4.1, sse4.2, popcnt, lzcnt, tsc, tscinvbit, avx, avx2, aes, erms, clmul, bmi1, bmi2, adx, sha, fma, vzeroupper, clflush, clflushopt

Memory: 4k page, system-wide physical 7521M (141M free)
TotalPageFile size 31073M (AvailPageFile size 108M)
current process WorkingSet (physical memory assigned to process): 11M, peak: 11M
current process commit charge ("private bytes"): 64M, peak: 182M

vm_info: Java HotSpot(TM) 64-Bit Server VM (17+35-LTS-2724) for windows-amd64 JRE (17+35-LTS-2724), built on Aug  5 2021 23:28:28 by "mach5one" with MS VC++ 16.8 (VS2019)

END.
